# JRE version: Java(TM) SE Runtime Environment (8.0_221-b11) (build 1.8.0_221-b11)
# Java VM: Java HotSpot(TM) 64-Bit Server VM (25.221-b11 mixed mode windows-amd64 compressed oops)
Heap:
 PSYoungGen      total 132096K, used 99860K [0x00000000d5700000, 0x00000000e1d80000, 0x0000000100000000)
  eden space 107520K, 92% used [0x00000000d5700000,0x00000000db8850d0,0x00000000dc000000)
  from space 24576K, 0% used [0x00000000dc000000,0x00000000dc000000,0x00000000dd800000)
  to   space 27648K, 0% used [0x00000000e0280000,0x00000000e0280000,0x00000000e1d80000)
 ParOldGen       total 128512K, used 46871K [0x0000000080400000, 0x0000000088180000, 0x00000000d5700000)
  object space 128512K, 36% used [0x0000000080400000,0x00000000831c5f70,0x0000000088180000)
 Metaspace       used 35980K, capacity 36253K, committed 36608K, reserved 1081344K
  class space    used 4761K, capacity 4834K, committed 4864K, reserved 1048576K
GC Heap History (10 events):
Event: 2.592 GC heap before
{Heap before GC invocations=7 (full 1):
 PSYoungGen      total 68608K, used 68576K [0x00000000d5700000, 0x00000000dbf80000, 0x0000000100000000)
  eden space 63488K, 100% used [0x00000000d5700000,0x00000000d9500000,0x00000000d9500000)
  from space 5120K, 99% used [0x00000000d9500000,0x00000000d99f8150,0x00000000d9a00000)
  to   space 19456K, 0% used [0x00000000dac80000,0x00000000dac80000,0x00000000dbf80000)
 ParOldGen       total 63488K, used 19123K [0x0000000080400000, 0x0000000084200000, 0x00000000d5700000)
  object space 63488K, 30% used [0x0000000080400000,0x00000000816acca8,0x0000000084200000)
 Metaspace       used 26824K, capacity 27082K, committed 27264K, reserved 1073152K
  class space    used 3787K, capacity 3841K, committed 3968K, reserved 1048576K
Event: 2.600 GC heap after
Heap after GC invocations=7 (full 1):
 PSYoungGen      total 89088K, used 9520K [0x00000000d5700000, 0x00000000dd780000, 0x0000000100000000)
  eden space 69632K, 0% used [0x00000000d5700000,0x00000000d5700000,0x00000000d9b00000)
  from space 19456K, 48% used [0x00000000dac80000,0x00000000db5cc030,0x00000000dbf80000)
  to   space 17920K, 0% used [0x00000000d9b00000,0x00000000d9b00000,0x00000000dac80000)
 ParOldGen       total 63488K, used 19123K [0x0000000080400000, 0x0000000084200000, 0x00000000d5700000)
  object space 63488K, 30% used [0x0000000080400000,0x00000000816acca8,0x0000000084200000)
 Metaspace       used 26824K, capacity 27082K, committed 27264K, reserved 1073152K
  class space    used 3787K, capacity 3841K, committed 3968K, reserved 1048576K
}
Event: 2.725 GC heap before
{Heap before GC invocations=8 (full 1):
 PSYoungGen      total 89088K, used 79152K [0x00000000d5700000, 0x00000000dd780000, 0x0000000100000000)
  eden space 69632K, 100% used [0x00000000d5700000,0x00000000d9b00000,0x00000000d9b00000)
  from space 19456K, 48% used [0x00000000dac80000,0x00000000db5cc030,0x00000000dbf80000)
  to   space 17920K, 0% used [0x00000000d9b00000,0x00000000d9b00000,0x00000000dac80000)
 ParOldGen       total 63488K, used 19123K [0x0000000080400000, 0x0000000084200000, 0x00000000d5700000)
  object space 63488K, 30% used [0x0000000080400000,0x00000000816acca8,0x0000000084200000)
 Metaspace       used 26836K, capacity 27082K, committed 27264K, reserved 1073152K
  class space    used 3788K, capacity 3841K, committed 3968K, reserved 1048576K
Event: 2.736 GC heap after
Heap after GC invocations=8 (full 1):
 PSYoungGen      total 87552K, used 15392K [0x00000000d5700000, 0x00000000deb80000, 0x0000000100000000)
  eden space 69632K, 0% used [0x00000000d5700000,0x00000000d5700000,0x00000000d9b00000)
  from space 17920K, 85% used [0x00000000d9b00000,0x00000000daa08020,0x00000000dac80000)
  to   space 19968K, 0% used [0x00000000dd800000,0x00000000dd800000,0x00000000deb80000)
 ParOldGen       total 63488K, used 19131K [0x0000000080400000, 0x0000000084200000, 0x00000000d5700000)
  object space 63488K, 30% used [0x0000000080400000,0x00000000816aeca8,0x0000000084200000)
 Metaspace       used 26836K, capacity 27082K, committed 27264K, reserved 1073152K
  class space    used 3788K, capacity 3841K, committed 3968K, reserved 1048576K
}
Event: 2.911 GC heap before
{Heap before GC invocations=9 (full 1):
 PSYoungGen      total 87552K, used 85024K [0x00000000d5700000, 0x00000000deb80000, 0x0000000100000000)
  eden space 69632K, 100% used [0x00000000d5700000,0x00000000d9b00000,0x00000000d9b00000)
  from space 17920K, 85% used [0x00000000d9b00000,0x00000000daa08020,0x00000000dac80000)
  to   space 19968K, 0% used [0x00000000dd800000,0x00000000dd800000,0x00000000deb80000)
 ParOldGen       total 63488K, used 19131K [0x0000000080400000, 0x0000000084200000, 0x00000000d5700000)
  object space 63488K, 30% used [0x0000000080400000,0x00000000816aeca8,0x0000000084200000)
 Metaspace       used 26979K, capacity 27210K, committed 27520K, reserved 1073152K
  class space    used 3796K, capacity 3841K, committed 3968K, reserved 1048576K
Event: 2.930 GC heap after
Heap after GC invocations=9 (full 1):
 PSYoungGen      total 127488K, used 19936K [0x00000000d5700000, 0x00000000df980000, 0x0000000100000000)
  eden space 107520K, 0% used [0x00000000d5700000,0x00000000d5700000,0x00000000dc000000)
  from space 19968K, 99% used [0x00000000dd800000,0x00000000deb78020,0x00000000deb80000)
  to   space 24576K, 0% used [0x00000000dc000000,0x00000000dc000000,0x00000000dd800000)
 ParOldGen       total 63488K, used 22875K [0x0000000080400000, 0x0000000084200000, 0x00000000d5700000)
  object space 63488K, 36% used [0x0000000080400000,0x0000000081a56ca8,0x0000000084200000)
 Metaspace       used 26979K, capacity 27210K, committed 27520K, reserved 1073152K
  class space    used 3796K, capacity 3841K, committed 3968K, reserved 1048576K
}
Event: 5.197 GC heap before
{Heap before GC invocations=10 (full 1):
 PSYoungGen      total 127488K, used 61995K [0x00000000d5700000, 0x00000000df980000, 0x0000000100000000)
  eden space 107520K, 39% used [0x00000000d5700000,0x00000000d8012e98,0x00000000dc000000)
  from space 19968K, 99% used [0x00000000dd800000,0x00000000deb78020,0x00000000deb80000)
  to   space 24576K, 0% used [0x00000000dc000000,0x00000000dc000000,0x00000000dd800000)
 ParOldGen       total 63488K, used 22875K [0x0000000080400000, 0x0000000084200000, 0x00000000d5700000)
  object space 63488K, 36% used [0x0000000080400000,0x0000000081a56ca8,0x0000000084200000)
 Metaspace       used 34969K, capacity 35223K, committed 35416K, reserved 1079296K
  class space    used 4693K, capacity 4769K, committed 4864K, reserved 1048576K
Event: 5.219 GC heap after
Heap after GC invocations=10 (full 1):
 PSYoungGen      total 132096K, used 22658K [0x00000000d5700000, 0x00000000e1d80000, 0x0000000100000000)
  eden space 107520K, 0% used [0x00000000d5700000,0x00000000d5700000,0x00000000dc000000)
  from space 24576K, 92% used [0x00000000dc000000,0x00000000dd6209c0,0x00000000dd800000)
  to   space 27648K, 0% used [0x00000000e0280000,0x00000000e0280000,0x00000000e1d80000)
 ParOldGen       total 63488K, used 27923K [0x0000000080400000, 0x0000000084200000, 0x00000000d5700000)
  object space 63488K, 43% used [0x0000000080400000,0x0000000081f44ce8,0x0000000084200000)
 Metaspace       used 34969K, capacity 35223K, committed 35416K, reserved 1079296K
  class space    used 4693K, capacity 4769K, committed 4864K, reserved 1048576K
}
Event: 5.219 GC heap before
{Heap before GC invocations=11 (full 2):
 PSYoungGen      total 132096K, used 22658K [0x00000000d5700000, 0x00000000e1d80000, 0x0000000100000000)
  eden space 107520K, 0% used [0x00000000d5700000,0x00000000d5700000,0x00000000dc000000)
  from space 24576K, 92% used [0x00000000dc000000,0x00000000dd6209c0,0x00000000dd800000)
  to   space 27648K, 0% used [0x00000000e0280000,0x00000000e0280000,0x00000000e1d80000)
 ParOldGen       total 63488K, used 27923K [0x0000000080400000, 0x0000000084200000, 0x00000000d5700000)
  object space 63488K, 43% used [0x0000000080400000,0x0000000081f44ce8,0x0000000084200000)
 Metaspace       used 34969K, capacity 35223K, committed 35416K, reserved 1079296K
  class space    used 4693K, capacity 4769K, committed 4864K, reserved 1048576K
Event: 5.342 GC heap after
Heap after GC invocations=11 (full 2):
 PSYoungGen      total 132096K, used 0K [0x00000000d5700000, 0x00000000e1d80000, 0x0000000100000000)
  eden space 107520K, 0% used [0x00000000d5700000,0x00000000d5700000,0x00000000dc000000)
  from space 24576K, 0% used [0x00000000dc000000,0x00000000dc000000,0x00000000dd800000)
  to   space 27648K, 0% used [0x00000000e0280000,0x00000000e0280000,0x00000000e1d80000)
 ParOldGen       total 128512K, used 46871K [0x0000000080400000, 0x0000000088180000, 0x00000000d5700000)
  object space 128512K, 36% used [0x0000000080400000,0x00000000831c5f70,0x0000000088180000)
 Metaspace       used 34969K, capacity 35223K, committed 35416K, reserved 1079296K
  class space    used 4693K, capacity 4769K, committed 4864K, reserved 1048576K
}

