# JRE version: Java(TM) SE Runtime Environment (8.0_221-b11) (build 1.8.0_221-b11)
# Java VM: Java HotSpot(TM) 64-Bit Server VM (25.221-b11 mixed mode windows-amd64 compressed oops)
Heap:
 PSYoungGen      total 138240K, used 118744K [0x00000000d5700000, 0x00000000e0500000, 0x0000000100000000)
  eden space 121344K, 83% used [0x00000000d5700000,0x00000000dba7c788,0x00000000dcd80000)
  from space 16896K, 99% used [0x00000000de400000,0x00000000df479c40,0x00000000df480000)
  to   space 23040K, 0% used [0x00000000dcd80000,0x00000000dcd80000,0x00000000de400000)
 ParOldGen       total 57344K, used 25570K [0x0000000080400000, 0x0000000083c00000, 0x00000000d5700000)
  object space 57344K, 44% used [0x0000000080400000,0x0000000081cf8970,0x0000000083c00000)
 Metaspace       used 31529K, capacity 31745K, committed 32000K, reserved 1077248K
  class space    used 4147K, capacity 4231K, committed 4352K, reserved 1048576K
GC Heap History (10 events):
Event: 3.145 GC heap before
{Heap before GC invocations=5 (full 1):
 PSYoungGen      total 38400K, used 35065K [0x00000000d5700000, 0x00000000d8c80000, 0x0000000100000000)
  eden space 33280K, 100% used [0x00000000d5700000,0x00000000d7780000,0x00000000d7780000)
  from space 5120K, 34% used [0x00000000d7780000,0x00000000d793e410,0x00000000d7c80000)
  to   space 5120K, 0% used [0x00000000d8780000,0x00000000d8780000,0x00000000d8c80000)
 ParOldGen       total 57344K, used 3616K [0x0000000080400000, 0x0000000083c00000, 0x00000000d5700000)
  object space 57344K, 6% used [0x0000000080400000,0x0000000080788088,0x0000000083c00000)
 Metaspace       used 26815K, capacity 27050K, committed 27264K, reserved 1073152K
  class space    used 3793K, capacity 3873K, committed 3968K, reserved 1048576K
Event: 3.153 GC heap after
Heap after GC invocations=5 (full 1):
 PSYoungGen      total 49664K, used 5113K [0x00000000d5700000, 0x00000000d8f80000, 0x0000000100000000)
  eden space 44544K, 0% used [0x00000000d5700000,0x00000000d5700000,0x00000000d8280000)
  from space 5120K, 99% used [0x00000000d8780000,0x00000000d8c7e758,0x00000000d8c80000)
  to   space 5120K, 0% used [0x00000000d8280000,0x00000000d8280000,0x00000000d8780000)
 ParOldGen       total 57344K, used 15070K [0x0000000080400000, 0x0000000083c00000, 0x00000000d5700000)
  object space 57344K, 26% used [0x0000000080400000,0x00000000812b7aa0,0x0000000083c00000)
 Metaspace       used 26815K, capacity 27050K, committed 27264K, reserved 1073152K
  class space    used 3793K, capacity 3873K, committed 3968K, reserved 1048576K
}
Event: 3.286 GC heap before
{Heap before GC invocations=6 (full 1):
 PSYoungGen      total 49664K, used 49657K [0x00000000d5700000, 0x00000000d8f80000, 0x0000000100000000)
  eden space 44544K, 100% used [0x00000000d5700000,0x00000000d8280000,0x00000000d8280000)
  from space 5120K, 99% used [0x00000000d8780000,0x00000000d8c7e758,0x00000000d8c80000)
  to   space 5120K, 0% used [0x00000000d8280000,0x00000000d8280000,0x00000000d8780000)
 ParOldGen       total 57344K, used 15070K [0x0000000080400000, 0x0000000083c00000, 0x00000000d5700000)
  object space 57344K, 26% used [0x0000000080400000,0x00000000812b7aa0,0x0000000083c00000)
 Metaspace       used 26835K, capacity 27050K, committed 27264K, reserved 1073152K
  class space    used 3793K, capacity 3873K, committed 3968K, reserved 1048576K
Event: 3.293 GC heap after
Heap after GC invocations=6 (full 1):
 PSYoungGen      total 49664K, used 5104K [0x00000000d5700000, 0x00000000dba80000, 0x0000000100000000)
  eden space 44544K, 0% used [0x00000000d5700000,0x00000000d5700000,0x00000000d8280000)
  from space 5120K, 99% used [0x00000000d8280000,0x00000000d877c030,0x00000000d8780000)
  to   space 14848K, 0% used [0x00000000dac00000,0x00000000dac00000,0x00000000dba80000)
 ParOldGen       total 57344K, used 17654K [0x0000000080400000, 0x0000000083c00000, 0x00000000d5700000)
  object space 57344K, 30% used [0x0000000080400000,0x000000008153daa0,0x0000000083c00000)
 Metaspace       used 26835K, capacity 27050K, committed 27264K, reserved 1073152K
  class space    used 3793K, capacity 3873K, committed 3968K, reserved 1048576K
}
Event: 3.388 GC heap before
{Heap before GC invocations=7 (full 1):
 PSYoungGen      total 49664K, used 49648K [0x00000000d5700000, 0x00000000dba80000, 0x0000000100000000)
  eden space 44544K, 100% used [0x00000000d5700000,0x00000000d8280000,0x00000000d8280000)
  from space 5120K, 99% used [0x00000000d8280000,0x00000000d877c030,0x00000000d8780000)
  to   space 14848K, 0% used [0x00000000dac00000,0x00000000dac00000,0x00000000dba80000)
 ParOldGen       total 57344K, used 17654K [0x0000000080400000, 0x0000000083c00000, 0x00000000d5700000)
  object space 57344K, 30% used [0x0000000080400000,0x000000008153daa0,0x0000000083c00000)
 Metaspace       used 26835K, capacity 27050K, committed 27264K, reserved 1073152K
  class space    used 3793K, capacity 3873K, committed 3968K, reserved 1048576K
Event: 3.395 GC heap after
Heap after GC invocations=7 (full 1):
 PSYoungGen      total 87552K, used 8224K [0x00000000d5700000, 0x00000000dbe00000, 0x0000000100000000)
  eden space 72704K, 0% used [0x00000000d5700000,0x00000000d5700000,0x00000000d9e00000)
  from space 14848K, 55% used [0x00000000dac00000,0x00000000db408150,0x00000000dba80000)
  to   space 14336K, 0% used [0x00000000d9e00000,0x00000000d9e00000,0x00000000dac00000)
 ParOldGen       total 57344K, used 17662K [0x0000000080400000, 0x0000000083c00000, 0x00000000d5700000)
  object space 57344K, 30% used [0x0000000080400000,0x000000008153faa0,0x0000000083c00000)
 Metaspace       used 26835K, capacity 27050K, committed 27264K, reserved 1073152K
  class space    used 3793K, capacity 3873K, committed 3968K, reserved 1048576K
}
Event: 3.568 GC heap before
{Heap before GC invocations=8 (full 1):
 PSYoungGen      total 87552K, used 80928K [0x00000000d5700000, 0x00000000dbe00000, 0x0000000100000000)
  eden space 72704K, 100% used [0x00000000d5700000,0x00000000d9e00000,0x00000000d9e00000)
  from space 14848K, 55% used [0x00000000dac00000,0x00000000db408150,0x00000000dba80000)
  to   space 14336K, 0% used [0x00000000d9e00000,0x00000000d9e00000,0x00000000dac00000)
 ParOldGen       total 57344K, used 17662K [0x0000000080400000, 0x0000000083c00000, 0x00000000d5700000)
  object space 57344K, 30% used [0x0000000080400000,0x000000008153faa0,0x0000000083c00000)
 Metaspace       used 26847K, capacity 27050K, committed 27264K, reserved 1073152K
  class space    used 3794K, capacity 3873K, committed 3968K, reserved 1048576K
Event: 3.578 GC heap after
Heap after GC invocations=8 (full 1):
 PSYoungGen      total 87040K, used 14304K [0x00000000d5700000, 0x00000000df480000, 0x0000000100000000)
  eden space 72704K, 0% used [0x00000000d5700000,0x00000000d5700000,0x00000000d9e00000)
  from space 14336K, 99% used [0x00000000d9e00000,0x00000000dabf8020,0x00000000dac00000)
  to   space 16896K, 0% used [0x00000000de400000,0x00000000de400000,0x00000000df480000)
 ParOldGen       total 57344K, used 17870K [0x0000000080400000, 0x0000000083c00000, 0x00000000d5700000)
  object space 57344K, 31% used [0x0000000080400000,0x0000000081573aa0,0x0000000083c00000)
 Metaspace       used 26847K, capacity 27050K, committed 27264K, reserved 1073152K
  class space    used 3794K, capacity 3873K, committed 3968K, reserved 1048576K
}
Event: 3.743 GC heap before
{Heap before GC invocations=9 (full 1):
 PSYoungGen      total 87040K, used 87008K [0x00000000d5700000, 0x00000000df480000, 0x0000000100000000)
  eden space 72704K, 100% used [0x00000000d5700000,0x00000000d9e00000,0x00000000d9e00000)
  from space 14336K, 99% used [0x00000000d9e00000,0x00000000dabf8020,0x00000000dac00000)
  to   space 16896K, 0% used [0x00000000de400000,0x00000000de400000,0x00000000df480000)
 ParOldGen       total 57344K, used 17870K [0x0000000080400000, 0x0000000083c00000, 0x00000000d5700000)
  object space 57344K, 31% used [0x0000000080400000,0x0000000081573aa0,0x0000000083c00000)
 Metaspace       used 27301K, capacity 27530K, committed 27776K, reserved 1073152K
  class space    used 3834K, capacity 3905K, committed 3968K, reserved 1048576K
Event: 3.763 GC heap after
Heap after GC invocations=9 (full 1):
 PSYoungGen      total 138240K, used 16871K [0x00000000d5700000, 0x00000000e0500000, 0x0000000100000000)
  eden space 121344K, 0% used [0x00000000d5700000,0x00000000d5700000,0x00000000dcd80000)
  from space 16896K, 99% used [0x00000000de400000,0x00000000df479c40,0x00000000df480000)
  to   space 23040K, 0% used [0x00000000dcd80000,0x00000000dcd80000,0x00000000de400000)
 ParOldGen       total 57344K, used 25570K [0x0000000080400000, 0x0000000083c00000, 0x00000000d5700000)
  object space 57344K, 44% used [0x0000000080400000,0x0000000081cf8970,0x0000000083c00000)
 Metaspace       used 27301K, capacity 27530K, committed 27776K, reserved 1073152K
  class space    used 3834K, capacity 3905K, committed 3968K, reserved 1048576K
}

